[debug] [2024-04-27T09:12:56.669Z] ----------------------------------------------------------------------
[debug] [2024-04-27T09:12:56.671Z] Command:       C:\Program Files\nodejs\node.exe C:\Users\reinh\AppData\Roaming\npm\node_modules\firebase-tools\lib\bin\firebase.js init
[debug] [2024-04-27T09:12:56.672Z] CLI Version:   13.7.5
[debug] [2024-04-27T09:12:56.672Z] Platform:      win32
[debug] [2024-04-27T09:12:56.672Z] Node Version:  v20.12.0
[debug] [2024-04-27T09:12:56.672Z] Time:          Sat Apr 27 2024 16:12:56 GMT+0700 (Waktu Indochina)
[debug] [2024-04-27T09:12:56.672Z] ----------------------------------------------------------------------
[debug] 
[debug] [2024-04-27T09:12:56.745Z] > command requires scopes: ["email","openid","https://www.googleapis.com/auth/cloudplatformprojects.readonly","https://www.googleapis.com/auth/firebase","https://www.googleapis.com/auth/cloud-platform"]
[debug] [2024-04-27T09:12:56.745Z] > authorizing via signed-in user (reinhard.dave08@gmail.com)
[info] 
     ######## #### ########  ######## ########     ###     ######  ########
     ##        ##  ##     ## ##       ##     ##  ##   ##  ##       ##
     ######    ##  ########  ######   ########  #########  ######  ######
     ##        ##  ##    ##  ##       ##     ## ##     ##       ## ##
     ##       #### ##     ## ######## ########  ##     ##  ######  ########

You're about to initialize a Firebase project in this directory:

  C:\Users\reinh\Downloads\ix

Before we get started, keep in mind:

  * You are initializing within an existing Firebase project directory

